[www-n2b.nexuswlb.com/desktop/home.html]
[www-n2b.nexuswlb.com/mobile/home.html]
[backblue.gif]
[fade.gif]
[index.html]
[i.imgur.com/qKje6qb.png]
[nx-cdn.trgwl.com/Images/icons/expand3895.gif]
[nx-cdn.trgwl.com/Images/icons/collapse3895.gif]
[nx-cdn.trgwl.com/Images/icons/play3895.png]
[nx-cdn.trgwl.com/Images/jquery-ui/ui-icons_444444_256x2403895.png]
[nx-cdn.trgwl.com/Images/jquery-ui/ui-icons_555555_256x2403895.png]
[nx-cdn.trgwl.com/Images/jquery-ui/ui-icons_ffffff_256x2403895.png]
[nx-cdn.trgwl.com/Images/jquery-ui/ui-icons_777620_256x2403895.png]
[nx-cdn.trgwl.com/Images/jquery-ui/ui-icons_cc0000_256x2403895.png]
[nx-cdn.trgwl.com/Images/jquery-ui/ui-icons_777777_256x2403895.png]
[nx-cdn.trgwl.com/Images/nexus-beta/dark-gold/desktop/layout/flags3895.png]
[api2-n1b.tr8ngames.com/images/logo_c872b3c7-8e46-427b-8820-5b116e469219_1622101319603.png]
[www-n2b.nexuswlb.com/desktop/hot-games.html]
[nx-cdn.trgwl.com/Images/nexus-beta/dark-gold/desktop/providers/shortcuts/pp3895.png]
[www-n2b.nexuswlb.com/desktop/slots/pragmatic.html]
[nx-cdn.trgwl.com/Images/nexus-beta/dark-gold/desktop/providers/shortcuts/trg3895.png]
[nx-cdn.trgwl.com/Images/nexus-beta/dark-gold/desktop/providers/shortcuts/pgs3895.png]
[www-n2b.nexuswlb.com/desktop/slots/ion-slot.html]
[nx-cdn.trgwl.com/Images/nexus-beta/dark-gold/desktop/providers/shortcuts/microgaming3895.png]
[www-n2b.nexuswlb.com/desktop/slots/microgaming.html]
[nx-cdn.trgwl.com/Images/nexus-beta/dark-gold/desktop/providers/shortcuts/onepoker3895.png]
[nx-cdn.trgwl.com/Images/nexus-beta/dark-gold/desktop/providers/shortcuts/g8poker3895.png]
[nx-cdn.trgwl.com/Images/nexus-beta/dark-gold/desktop/providers/shortcuts/slot883895.png]
[www-n2b.nexuswlb.com/desktop/slots/slot88.html]
[nx-cdn.trgwl.com/Images/nexus-beta/dark-gold/desktop/providers/shortcuts/balak4d3895.png]
[www-n2b.nexuswlb.com/desktop/slots.html]
[nx-cdn.trgwl.com/Images/nexus-beta/dark-gold/desktop/providers/shortcuts/live223895.png]
[nx-cdn.trgwl.com/Images/nexus-beta/dark-gold/desktop/providers/shortcuts/pgsoft3895.png]
[www-n2b.nexuswlb.com/desktop/slots/pgsoft.html]
[nx-cdn.trgwl.com/Images/nexus-beta/dark-gold/desktop/providers/shortcuts/joker3895.png]
[www-n2b.nexuswlb.com/desktop/slots/joker.html]
[nx-cdn.trgwl.com/Images/nexus-beta/dark-gold/desktop/providers/shortcuts/amb3895.png]
[www-n2b.nexuswlb.com/desktop/slots/amb-slot.html]
[nx-cdn.trgwl.com/Images/nexus-beta/dark-gold/desktop/providers/shortcuts/gamatron3895.png]
[www-n2b.nexuswlb.com/desktop/slots/gamatron.html]
[nx-cdn.trgwl.com/Images/nexus-beta/dark-gold/desktop/providers/shortcuts/spadegaming3895.png]
[www-n2b.nexuswlb.com/desktop/slots/spade-gaming.html]
[nx-cdn.trgwl.com/Images/nexus-beta/dark-gold/desktop/providers/shortcuts/advantplay3895.png]
[www-n2b.nexuswlb.com/desktop/slots/advantplay.html]
[nx-cdn.trgwl.com/Images/nexus-beta/dark-gold/desktop/providers/shortcuts/jdb3895.png]
[www-n2b.nexuswlb.com/desktop/slots/jdb.html]
[nx-cdn.trgwl.com/Images/nexus-beta/dark-gold/desktop/providers/shortcuts/playtech3895.png]
[www-n2b.nexuswlb.com/desktop/slots/playtech.html]
[nx-cdn.trgwl.com/Images/nexus-beta/dark-gold/desktop/providers/shortcuts/habanero3895.png]
[www-n2b.nexuswlb.com/desktop/slots/habanero.html]
[nx-cdn.trgwl.com/Images/nexus-beta/dark-gold/desktop/providers/shortcuts/sbocq93895.png]
[www-n2b.nexuswlb.com/desktop/slots/cq9.html]
[nx-cdn.trgwl.com/Images/nexus-beta/dark-gold/desktop/providers/shortcuts/yggdrasil3895.png]
[nx-cdn.trgwl.com/Images/nexus-beta/dark-gold/desktop/providers/shortcuts/playngo3895.png]
[www-n2b.nexuswlb.com/desktop/slots/playngo.html]
[nx-cdn.trgwl.com/Images/nexus-beta/dark-gold/desktop/providers/shortcuts/onetouch3895.png]
[www-n2b.nexuswlb.com/desktop/slots/onetouch.html]
[nx-cdn.trgwl.com/Images/nexus-beta/dark-gold/desktop/providers/shortcuts/sborealtimegaming3895.png]
[nx-cdn.trgwl.com/Images/nexus-beta/dark-gold/desktop/providers/shortcuts/sboflowgaming3895.png]
[nx-cdn.trgwl.com/Images/nexus-beta/dark-gold/desktop/providers/shortcuts/iconicgaming3895.png]
[www-n2b.nexuswlb.com/desktop/slots/iconic-gaming.html]
[www-n2b.nexuswlb.com/desktop/casino.html]
[nx-cdn.trgwl.com/Images/nexus-beta/dark-gold/desktop/providers/shortcuts/evogaming3895.png]
[www-n2b.nexuswlb.com/desktop/casino/evo-gaming.html]
[nx-cdn.trgwl.com/Images/nexus-beta/dark-gold/desktop/providers/shortcuts/prettygaming3895.png]
[nx-cdn.trgwl.com/Images/nexus-beta/dark-gold/desktop/providers/shortcuts/pplivecasino3895.png]
[nx-cdn.trgwl.com/Images/nexus-beta/dark-gold/desktop/providers/shortcuts/ag3895.png]
[nx-cdn.trgwl.com/Images/nexus-beta/dark-gold/desktop/providers/shortcuts/sbocasino3895.png]
[nx-cdn.trgwl.com/Images/nexus-beta/dark-gold/desktop/providers/shortcuts/sbosexybaccarat3895.png]
[nx-cdn.trgwl.com/Images/nexus-beta/dark-gold/desktop/providers/shortcuts/sv3883895.png]
[nx-cdn.trgwl.com/Images/nexus-beta/dark-gold/desktop/providers/shortcuts/dreamgaming3895.png]
[nx-cdn.trgwl.com/Images/nexus-beta/dark-gold/desktop/providers/shortcuts/allbet3895.png]
[www-n2b.nexuswlb.com/desktop/sport.html]
[nx-cdn.trgwl.com/Images/nexus-beta/dark-gold/desktop/providers/shortcuts/sbo3895.png]
[nx-cdn.trgwl.com/Images/nexus-beta/dark-gold/desktop/providers/shortcuts/pinnacle3895.png]
[nx-cdn.trgwl.com/Images/nexus-beta/dark-gold/desktop/providers/shortcuts/ibcsports3895.png]
[nx-cdn.trgwl.com/Images/nexus-beta/dark-gold/desktop/providers/shortcuts/ppvirtualgames3895.png]
[nx-cdn.trgwl.com/Images/nexus-beta/dark-gold/desktop/providers/shortcuts/sbovirtualgames3895.png]
[nx-cdn.trgwl.com/Images/nexus-beta/dark-gold/desktop/providers/shortcuts/tfgaming3895.png]
[www-n2b.nexuswlb.com/desktop/arcade.html]
[nx-cdn.trgwl.com/Images/nexus-beta/dark-gold/desktop/providers/shortcuts/ppfishing3895.png]
[www-n2b.nexuswlb.com/desktop/arcade/pragmatic.html]
[nx-cdn.trgwl.com/Images/nexus-beta/dark-gold/desktop/providers/shortcuts/giocoplus3895.png]
[www-n2b.nexuswlb.com/desktop/arcade/giocoplus.html]
[nx-cdn.trgwl.com/Images/nexus-beta/dark-gold/desktop/providers/shortcuts/ixttangkas3895.png]
[nx-cdn.trgwl.com/Images/nexus-beta/dark-gold/desktop/providers/shortcuts/sbofunkygame3895.png]
[nx-cdn.trgwl.com/Images/nexus-beta/dark-gold/desktop/providers/shortcuts/jokerfishing3895.png]
[www-n2b.nexuswlb.com/desktop/arcade/joker.html]
[nx-cdn.trgwl.com/Images/nexus-beta/dark-gold/desktop/providers/shortcuts/jdbfishing3895.png]
[www-n2b.nexuswlb.com/desktop/arcade/jdb.html]
[nx-cdn.trgwl.com/Images/nexus-beta/dark-gold/desktop/providers/shortcuts/spadegamingfishing3895.png]
[www-n2b.nexuswlb.com/desktop/arcade/spade-gaming.html]
[nx-cdn.trgwl.com/Images/nexus-beta/dark-gold/desktop/providers/shortcuts/ambfishing3895.png]
[www-n2b.nexuswlb.com/desktop/arcade/amb-slot.html]
[nx-cdn.trgwl.com/Images/nexus-beta/dark-gold/desktop/providers/shortcuts/microgamingfishing3895.png]
[www-n2b.nexuswlb.com/desktop/arcade/microgaming.html]
[nx-cdn.trgwl.com/Images/nexus-beta/dark-gold/desktop/providers/shortcuts/sbocq9fishing3895.png]
[www-n2b.nexuswlb.com/desktop/arcade/cq9.html]
[nx-cdn.trgwl.com/Images/nexus-beta/dark-gold/desktop/providers/shortcuts/iconicgamingfishing3895.png]
[www-n2b.nexuswlb.com/desktop/arcade/iconic-gaming.html]
[nx-cdn.trgwl.com/Images/nexus-beta/dark-gold/desktop/providers/shortcuts/idn3895.png]
[www-n2b.nexuswlb.com/desktop/poker.html]
[nx-cdn.trgwl.com/Images/nexus-beta/dark-gold/desktop/providers/shortcuts/hkbtogel3895.png]
[www-n2b.nexuswlb.com/desktop/others.html]
[nx-cdn.trgwl.com/Images/nexus-beta/dark-gold/desktop/providers/shortcuts/hkbdingdong3895.png]
[api2-n1b.tr8ngames.com/images/id_cbd_7d04df5a-fcb1-485a-bf62-1e0e06682f21_1605770326723.png]
[www-n2b.nexuswlb.com/desktop/promotion.html]
[api2-n1b.tr8ngames.com/images/id_cbd_ba4938c5-ceac-4f17-a045-2aab50f0de55_1605770409067.png]
[api2-n1b.tr8ngames.com/images/id_cbd_c3b18812-f851-4949-8e5b-007c4a05aa85_1605770421393.png]
[api2-n1b.tr8ngames.com/images/id_cbd_027b3bd5-7494-497b-97a7-72ffc758b91a_1605770438430.png]
[api2-n1b.tr8ngames.com/images/id_cbd_501d4964-235e-471f-b974-b65111975775_1605770449380.png]
[api2-n1b.tr8ngames.com/images/id_cbd_e337e6e7-823b-4f90-bfc4-954fd02b79d4_1605770458960.png]
[nx-cdn.trgwl.com/Images/banners/home/pp-santa-wonderland-desktop.png]
[nx-cdn.trgwl.com/Images/banners/home/png-santa-secret-stash-desktop.jpg]
[nx-cdn.trgwl.com/Images/banners/home/mg-kejutan-harian-desktop.jpg]
[nx-cdn.trgwl.com/Images/banners/home/hab-new-year-bash-desktop.jpg]
[nx-cdn.trgwl.com/Images/nexus-beta/dark-gold/desktop/home/news3895.png]
[nx-cdn.trgwl.com/Images/nexus-beta/dark-gold/desktop/backgrounds/home3895.jpg]
[nx-cdn.trgwl.com/Images/nexus-beta/dark-gold/desktop/home/jackpot3895.png]
[nx-cdn.trgwl.com/Images/nexus-beta/dark-gold/desktop/home/new-games3895.png]
[nx-cdn.trgwl.com/Images/providers/PP/vs1024lionsd3895.png]
[nx-cdn.trgwl.com/Images/providers/JOKER/iw7az1sm3drhh3895.png]
[nx-cdn.trgwl.com/Images/providers/PLAYTECH/gpas_rriches_pop3895.png]
[nx-cdn.trgwl.com/Images/providers/PGSOFT/treasures-aztec3895.png]
[nx-cdn.trgwl.com/Images/providers/HABANERO/SGJellyFishFlowUltra3895.png]
[nx-cdn.trgwl.com/Images/providers/MICROGAMING/SMG_playboyFortunes3895.png]
[nx-cdn.trgwl.com/Images/nexus-beta/dark-gold/desktop/home/popular-games3895.png]
[nx-cdn.trgwl.com/Images/providers/PP/vs20rhinoluxe3895.png]
[nx-cdn.trgwl.com/Images/providers/JOKER/hcu3p8r71kj3y3895.png]
[nx-cdn.trgwl.com/Images/providers/PLAYTECH/gpas_aogetroy_pop3895.png]
[nx-cdn.trgwl.com/Images/providers/PGSOFT/dreams-of-macau3895.png]
[nx-cdn.trgwl.com/Images/providers/HABANERO/SGLuckyFortuneCat3895.png]
[nx-cdn.trgwl.com/Images/providers/MICROGAMING/SMG_rugbyStarDeluxe3895.png]
[nx-cdn.trgwl.com/Images/nexus-beta/dark-gold/desktop/home/jackpot-games3895.png]
[nx-cdn.trgwl.com/Images/providers/PP/vs25asgardjp3895.png]
[nx-cdn.trgwl.com/Images/providers/PP/vs10madamejp3895.png]
[nx-cdn.trgwl.com/Images/providers/PP/vs20fruitswjp3895.png]
[nx-cdn.trgwl.com/Images/providers/PP/vs20doghousejp3895.png]
[nx-cdn.trgwl.com/Images/providers/PP/vs1dragon8_jp3895.png]
[nx-cdn.trgwl.com/Images/providers/PP/vs5aztecgems_jp3895.png]
[nx-cdn.trgwl.com/Images/nexus-beta/dark-gold/desktop/home/download-apk-background3895.png]
[nx-cdn.trgwl.com/Images/nexus-beta/dark-gold/desktop/home/download-apk-phone3895.png]
[nx-cdn.trgwl.com/Images/apk-qrcodes/N1B3895.jpg]
[nx-cdn.trgwl.com/Images/nexus-beta/dark-gold/desktop/home/download-android-button3895.png]
[nx-cdn.trgwl.com/Images/nexus-beta/dark-gold/desktop/layout/icon-sprite3895.png]
[api2-n1b.tr8ngames.com/images/BCA_e1bab23f-dda6-4835-b3ce-d5039f28546c_1618556640427.png]
[api2-n1b.tr8ngames.com/images/BNI_3d30334c-d871-46fb-80b3-0fcb12f99b87_1618556640427.png]
[api2-n1b.tr8ngames.com/images/BRI_a458ab91-91a3-49ac-98b3-1bfc5d1966bd_1618556640440.png]
[api2-n1b.tr8ngames.com/images/GOPAY_6d9f75a3-3a2c-4be2-8179-3bbfd755d7cd_1618556640440.png]
[api2-n1b.tr8ngames.com/images/INDOSAT_c549535b-79e4-4df1-8c4b-4dff4802903f_1618556640440.png]
[api2-n1b.tr8ngames.com/images/MANDIRI_ec4427ff-2e6e-4657-a2fe-b3702bc15e7c_1621603307187.png]
[api2-n1b.tr8ngames.com/images/OVO_ddd6e876-f366-4b0b-a506-d0e8210c55e9_1618556640457.png]
[api2-n1b.tr8ngames.com/images/TELKOMSEL_708c135d-74c5-482f-9d03-27a5f7035c60_1618556640457.png]
[api2-n1b.tr8ngames.com/images/XL_ea2a82b1-ca96-4eb1-9a52-cf378c6405e7_1618556640457.png]
[api2-n1b.tr8ngames.com/images/Facebook_e28e8a95-1f23-4899-88ad-473c7831ace5_1601611011030.png]
[api2-n1b.tr8ngames.com/images/Whatsapp_261d53cb-79f1-41ba-97f5-6187704ebea2_1602559423937.png]
[api2-n1b.tr8ngames.com/images/Twitter_30956459-b1aa-4807-8e37-8810b6242de5_1638787020655.png]
[api2-n1b.tr8ngames.com/images/en_Telegram_1_1627365064740.png]
[nx-cdn.trgwl.com/Images/nexus-beta/dark-gold/desktop/layout/footer/nexus-engine3895.png]
[nx-cdn.trgwl.com/Images/nexus-beta/dark-gold/desktop/layout/footer/nexus-engine-active3895.png]
[nx-cdn.trgwl.com/Images/nexus-beta/dark-gold/desktop/layout/footer/gambling-support3895.png]
[nx-cdn.trgwl.com/Images/nexus-beta/dark-gold/desktop/layout/footer/gambling-support-active3895.png]
[nx-cdn.trgwl.com/Images/nexus-beta/dark-gold/desktop/layout/footer/18-plus3895.png]
[nx-cdn.trgwl.com/Images/nexus-beta/dark-gold/desktop/layout/footer/18-plus-active3895.png]
[nx-cdn.trgwl.com/Images/nexus-beta/dark-gold/desktop/layout/footer/chrome3895.png]
[nx-cdn.trgwl.com/Images/nexus-beta/dark-gold/desktop/layout/footer/chrome-active3895.png]
[nx-cdn.trgwl.com/Images/nexus-beta/dark-gold/desktop/layout/footer/edge3895.png]
[nx-cdn.trgwl.com/Images/nexus-beta/dark-gold/desktop/layout/footer/edge-active3895.png]
[nx-cdn.trgwl.com/Images/nexus-beta/dark-gold/desktop/layout/footer/firefox3895.png]
[nx-cdn.trgwl.com/Images/nexus-beta/dark-gold/desktop/layout/footer/firefox-active3895.png]
[nx-cdn.trgwl.com/Images/nexus-beta/dark-gold/desktop/layout/providers/pp3895.png]
[nx-cdn.trgwl.com/Images/nexus-beta/dark-gold/desktop/layout/providers/pp-active3895.png]
[nx-cdn.trgwl.com/Images/nexus-beta/dark-gold/desktop/layout/providers/playtech3895.png]
[nx-cdn.trgwl.com/Images/nexus-beta/dark-gold/desktop/layout/providers/playtech-active3895.png]
[nx-cdn.trgwl.com/Images/nexus-beta/dark-gold/desktop/layout/providers/joker3895.png]
[nx-cdn.trgwl.com/Images/nexus-beta/dark-gold/desktop/layout/providers/joker-active3895.png]
[nx-cdn.trgwl.com/Images/nexus-beta/dark-gold/desktop/layout/providers/pgsoft3895.png]
[nx-cdn.trgwl.com/Images/nexus-beta/dark-gold/desktop/layout/providers/pgsoft-active3895.png]
[nx-cdn.trgwl.com/Images/nexus-beta/dark-gold/desktop/layout/providers/cq93895.png]
[nx-cdn.trgwl.com/Images/nexus-beta/dark-gold/desktop/layout/providers/cq9-active3895.png]
[nx-cdn.trgwl.com/Images/nexus-beta/dark-gold/desktop/layout/providers/habanero3895.png]
[nx-cdn.trgwl.com/Images/nexus-beta/dark-gold/desktop/layout/providers/habanero-active3895.png]
[nx-cdn.trgwl.com/Images/nexus-beta/dark-gold/desktop/layout/providers/microgaming3895.png]
[nx-cdn.trgwl.com/Images/nexus-beta/dark-gold/desktop/layout/providers/microgaming-active3895.png]
[nx-cdn.trgwl.com/Images/nexus-beta/dark-gold/desktop/layout/providers/playngo3895.png]
[nx-cdn.trgwl.com/Images/nexus-beta/dark-gold/desktop/layout/providers/playngo-active3895.png]
[nx-cdn.trgwl.com/Images/nexus-beta/dark-gold/desktop/layout/providers/rtg3895.png]
[nx-cdn.trgwl.com/Images/nexus-beta/dark-gold/desktop/layout/providers/rtg-active3895.png]
[nx-cdn.trgwl.com/Images/nexus-beta/dark-gold/desktop/layout/providers/flow-gaming3895.png]
[nx-cdn.trgwl.com/Images/nexus-beta/dark-gold/desktop/layout/providers/flow-gaming-active3895.png]
[nx-cdn.trgwl.com/Images/nexus-beta/dark-gold/desktop/layout/providers/spade-gaming3895.png]
[nx-cdn.trgwl.com/Images/nexus-beta/dark-gold/desktop/layout/providers/spade-gaming-active3895.png]
[nx-cdn.trgwl.com/Images/nexus-beta/dark-gold/desktop/layout/providers/one-touch3895.png]
[nx-cdn.trgwl.com/Images/nexus-beta/dark-gold/desktop/layout/providers/one-touch-active3895.png]
[nx-cdn.trgwl.com/Images/nexus-beta/dark-gold/desktop/layout/providers/slot883895.png]
[nx-cdn.trgwl.com/Images/nexus-beta/dark-gold/desktop/layout/providers/slot88-active3895.png]
[nx-cdn.trgwl.com/Images/nexus-beta/dark-gold/desktop/layout/providers/yggdrasil3895.png]
[nx-cdn.trgwl.com/Images/nexus-beta/dark-gold/desktop/layout/providers/yggdrasil-active3895.png]
[nx-cdn.trgwl.com/Images/nexus-beta/dark-gold/desktop/layout/providers/live223895.png]
[nx-cdn.trgwl.com/Images/nexus-beta/dark-gold/desktop/layout/providers/live22-active3895.png]
[nx-cdn.trgwl.com/Images/nexus-beta/dark-gold/desktop/layout/providers/ion-slot3895.png]
[nx-cdn.trgwl.com/Images/nexus-beta/dark-gold/desktop/layout/providers/ion-slot-active3895.png]
[nx-cdn.trgwl.com/Images/nexus-beta/dark-gold/desktop/layout/providers/jdb3895.png]
[nx-cdn.trgwl.com/Images/nexus-beta/dark-gold/desktop/layout/providers/jdb-active3895.png]
[nx-cdn.trgwl.com/Images/nexus-beta/dark-gold/desktop/layout/providers/iconic-gaming3895.png]
[nx-cdn.trgwl.com/Images/nexus-beta/dark-gold/desktop/layout/providers/iconic-gaming-active3895.png]
[nx-cdn.trgwl.com/Images/nexus-beta/dark-gold/desktop/layout/providers/gamatron3895.png]
[nx-cdn.trgwl.com/Images/nexus-beta/dark-gold/desktop/layout/providers/gamatron-active3895.png]
[nx-cdn.trgwl.com/Images/nexus-beta/dark-gold/desktop/layout/providers/advantplay3895.png]
[nx-cdn.trgwl.com/Images/nexus-beta/dark-gold/desktop/layout/providers/advantplay-active3895.png]
[nx-cdn.trgwl.com/Images/nexus-beta/dark-gold/desktop/layout/providers/amb-slot3895.png]
[nx-cdn.trgwl.com/Images/nexus-beta/dark-gold/desktop/layout/providers/amb-slot-active3895.png]
[nx-cdn.trgwl.com/Images/nexus-beta/dark-gold/desktop/layout/providers/trg3895.png]
[nx-cdn.trgwl.com/Images/nexus-beta/dark-gold/desktop/layout/providers/trg-active3895.png]
[nx-cdn.trgwl.com/Images/nexus-beta/dark-gold/desktop/layout/providers/sbo3895.png]
[nx-cdn.trgwl.com/Images/nexus-beta/dark-gold/desktop/layout/providers/sbo-active3895.png]
[nx-cdn.trgwl.com/Images/nexus-beta/dark-gold/desktop/layout/providers/ag3895.png]
[nx-cdn.trgwl.com/Images/nexus-beta/dark-gold/desktop/layout/providers/ag-active3895.png]
[nx-cdn.trgwl.com/Images/nexus-beta/dark-gold/desktop/layout/providers/sexy-baccarat3895.png]
[nx-cdn.trgwl.com/Images/nexus-beta/dark-gold/desktop/layout/providers/sexy-baccarat-active3895.png]
[nx-cdn.trgwl.com/Images/nexus-beta/dark-gold/desktop/layout/providers/evo-gaming3895.png]
[nx-cdn.trgwl.com/Images/nexus-beta/dark-gold/desktop/layout/providers/evo-gaming-active3895.png]
[nx-cdn.trgwl.com/Images/nexus-beta/dark-gold/desktop/layout/providers/pretty-gaming3895.png]
[nx-cdn.trgwl.com/Images/nexus-beta/dark-gold/desktop/layout/providers/pretty-gaming-active3895.png]
[nx-cdn.trgwl.com/Images/nexus-beta/dark-gold/desktop/layout/providers/dream-gaming3895.png]
[nx-cdn.trgwl.com/Images/nexus-beta/dark-gold/desktop/layout/providers/dream-gaming-active3895.png]
[nx-cdn.trgwl.com/Images/nexus-beta/dark-gold/desktop/layout/providers/allbet3895.png]
[nx-cdn.trgwl.com/Images/nexus-beta/dark-gold/desktop/layout/providers/allbet-active3895.png]
[nx-cdn.trgwl.com/Images/nexus-beta/dark-gold/desktop/layout/providers/sv3883895.png]
[nx-cdn.trgwl.com/Images/nexus-beta/dark-gold/desktop/layout/providers/sv388-active3895.png]
[nx-cdn.trgwl.com/Images/nexus-beta/dark-gold/desktop/layout/providers/ibc-sports3895.png]
[nx-cdn.trgwl.com/Images/nexus-beta/dark-gold/desktop/layout/providers/ibc-sports-active3895.png]
[nx-cdn.trgwl.com/Images/nexus-beta/dark-gold/desktop/layout/providers/tf-gaming3895.png]
[nx-cdn.trgwl.com/Images/nexus-beta/dark-gold/desktop/layout/providers/tf-gaming-active3895.png]
[nx-cdn.trgwl.com/Images/nexus-beta/dark-gold/desktop/layout/providers/pinnacle3895.png]
[nx-cdn.trgwl.com/Images/nexus-beta/dark-gold/desktop/layout/providers/pinnacle-active3895.png]
[nx-cdn.trgwl.com/Images/nexus-beta/dark-gold/desktop/layout/providers/giocoplus3895.png]
[nx-cdn.trgwl.com/Images/nexus-beta/dark-gold/desktop/layout/providers/giocoplus-active3895.png]
[nx-cdn.trgwl.com/Images/nexus-beta/dark-gold/desktop/layout/providers/mm-tangkas3895.png]
[nx-cdn.trgwl.com/Images/nexus-beta/dark-gold/desktop/layout/providers/mm-tangkas-active3895.png]
[nx-cdn.trgwl.com/Images/nexus-beta/dark-gold/desktop/layout/providers/funky-games3895.png]
[nx-cdn.trgwl.com/Images/nexus-beta/dark-gold/desktop/layout/providers/funky-games-active3895.png]
[nx-cdn.trgwl.com/Images/nexus-beta/dark-gold/desktop/layout/providers/idn3895.png]
[nx-cdn.trgwl.com/Images/nexus-beta/dark-gold/desktop/layout/providers/idn-active3895.png]
[nx-cdn.trgwl.com/Images/nexus-beta/dark-gold/desktop/layout/providers/g8-poker3895.png]
[nx-cdn.trgwl.com/Images/nexus-beta/dark-gold/desktop/layout/providers/g8-poker-active3895.png]
[nx-cdn.trgwl.com/Images/nexus-beta/dark-gold/desktop/layout/providers/nine-gaming3895.png]
[nx-cdn.trgwl.com/Images/nexus-beta/dark-gold/desktop/layout/providers/nine-gaming-active3895.png]
[nx-cdn.trgwl.com/Images/nexus-beta/dark-gold/desktop/layout/providers/hkb-togel3895.png]
[nx-cdn.trgwl.com/Images/nexus-beta/dark-gold/desktop/layout/providers/hkb-togel-active3895.png]
[nx-cdn.trgwl.com/Images/nexus-beta/dark-gold/desktop/layout/providers/hkb-dingdong3895.png]
[nx-cdn.trgwl.com/Images/nexus-beta/dark-gold/desktop/layout/providers/hkb-dingdong-active3895.png]
[nx-cdn.trgwl.com/Images/nexus-beta/dark-gold/desktop/layout/providers/nex-4d3895.png]
[nx-cdn.trgwl.com/Images/nexus-beta/dark-gold/desktop/layout/providers/nex-4d-active3895.png]
[nx-cdn.trgwl.com/Images/nexus-beta/dark-gold/desktop/layout/forgot-password/dice-13895.png]
[nx-cdn.trgwl.com/Images/nexus-beta/dark-gold/desktop/layout/forgot-password/dice-23895.png]
[nx-cdn.trgwl.com/Images/nexus-beta/dark-gold/desktop/layout/popup/alert3895.png]
[api2-n1b.tr8ngames.com/images/id_popup_89180983-0d97-4957-8ad7-3b5e1846b1d3_1606729658333.jpg]
[www-n2b.nexuswlb.com/desktop/home.html]
[nx-cdn.trgwl.com/Images/icons/desktop-white3895.png]
[api2-n1b.tr8ngames.com/images/logo_mobile_c872b3c7-8e46-427b-8820-5b116e469219_1622101319603.png]
[cdn.livechatinc.com/tracking.js]
[api2-n1b.tr8ngames.com/images/id_cbm_7d04df5a-fcb1-485a-bf62-1e0e06682f21_1605770326723.png]
[www-n2b.nexuswlb.com/mobile/register.html]
[api2-n1b.tr8ngames.com/images/id_cbm_ba4938c5-ceac-4f17-a045-2aab50f0de55_1605770409067.png]
[api2-n1b.tr8ngames.com/images/id_cbm_c3b18812-f851-4949-8e5b-007c4a05aa85_1605770421393.png]
[api2-n1b.tr8ngames.com/images/id_cbm_027b3bd5-7494-497b-97a7-72ffc758b91a_1605770438430.png]
[api2-n1b.tr8ngames.com/images/id_cbm_501d4964-235e-471f-b974-b65111975775_1605770449380.png]
[api2-n1b.tr8ngames.com/images/id_cbm_e337e6e7-823b-4f90-bfc4-954fd02b79d4_1605770458960.png]
[nx-cdn.trgwl.com/Images/banners/home/pp-santa-wonderland-mobile.png]
[www-n2b.nexuswlb.com/mobile/slots/pragmatic.html]
[nx-cdn.trgwl.com/Images/banners/home/png-santa-secret-stash-mobile.jpg]
[www-n2b.nexuswlb.com/mobile/slots/playngo.html]
[www-n2b.nexuswlb.com/mobile/slots/microgaming.html]
[nx-cdn.trgwl.com/Images/banners/home/mg-kejutan-harian-mobile.jpg]
[www-n2b.nexuswlb.com/mobile/slots/habanero.html]
[nx-cdn.trgwl.com/Images/banners/home/hab-new-year-bash-mobile.jpg]
[www-n2b.nexuswlb.com/mobile/hot-games.html]
[www-n2b.nexuswlb.com/mobile/slots.html]
[www-n2b.nexuswlb.com/mobile/casino.html]
[www-n2b.nexuswlb.com/mobile/sport.html]
[www-n2b.nexuswlb.com/mobile/arcade.html]
[www-n2b.nexuswlb.com/mobile/poker.html]
[www-n2b.nexuswlb.com/mobile/others.html]
[nx-cdn.trgwl.com/Images/nexus-beta/dark-gold/mobile/jackpot/container3895.jpg]
[www-n2b.nexuswlb.com/mobile/login.html]
[nx-cdn.trgwl.com/Images/nexus-beta/dark-gold/mobile/layout/popular-games3895.png]
[nx-cdn.trgwl.com/Images/nexus-beta/dark-gold/mobile/layout/download-app3895.png]
[nx-cdn.trgwl.com/Images/nexus-beta/dark-gold/mobile/home/android-logo3895.png]
[www-n2b.nexuswlb.com/mobile/about-us.html]
[www-n2b.nexuswlb.com/mobile/responsible-gaming.html]
[www-n2b.nexuswlb.com/mobile/faq.html]
[www-n2b.nexuswlb.com/mobile/terms-of-use.html]
[nx-cdn.trgwl.com/Images/nexus-beta/dark-gold/mobile/layout/nexus-engine3895.png]
[www-n2b.nexuswlb.com/mobile/promotion.html]
[www-n2b.nexuswlb.com/mobile/contact-us.html]
[www-n2b.nexuswlb.com/mobile/slots/ion-slot.html]
[www-n2b.nexuswlb.com/mobile/slots/slot88.html]
[www-n2b.nexuswlb.com/mobile/slots/pgsoft.html]
[www-n2b.nexuswlb.com/mobile/slots/joker.html]
[www-n2b.nexuswlb.com/mobile/slots/amb-slot.html]
[www-n2b.nexuswlb.com/mobile/slots/gamatron.html]
[www-n2b.nexuswlb.com/mobile/slots/spade-gaming.html]
[www-n2b.nexuswlb.com/mobile/slots/advantplay.html]
[www-n2b.nexuswlb.com/mobile/slots/jdb.html]
[www-n2b.nexuswlb.com/mobile/slots/playtech.html]
[www-n2b.nexuswlb.com/mobile/slots/cq9.html]
[www-n2b.nexuswlb.com/mobile/slots/onetouch.html]
[www-n2b.nexuswlb.com/mobile/slots/iconic-gaming.html]
[www-n2b.nexuswlb.com/mobile/casino/evo-gaming.html]
[www-n2b.nexuswlb.com/mobile/arcade/pragmatic.html]
[www-n2b.nexuswlb.com/mobile/arcade/giocoplus.html]
[www-n2b.nexuswlb.com/mobile/arcade/joker.html]
[www-n2b.nexuswlb.com/mobile/arcade/jdb.html]
[www-n2b.nexuswlb.com/mobile/arcade/spade-gaming.html]
[www-n2b.nexuswlb.com/mobile/arcade/amb-slot.html]
[www-n2b.nexuswlb.com/mobile/arcade/microgaming.html]
[www-n2b.nexuswlb.com/mobile/arcade/cq9.html]
[www-n2b.nexuswlb.com/mobile/home.html]
[www-n2b.nexuswlb.com/mobile/arcade/iconic-gaming.html]
[api2-n1b.tr8ngames.com/images/id_cbd_7014af5e-18ba-454c-8492-0650129ddd33_1636600140940.png]
[api2-n1b.tr8ngames.com/images/id_cbd_1cb99c4f-a2f4-47eb-84b6-aec18beca342_1638772877530.png]
[nx-cdn.trgwl.com/Images/nexus-beta/dark-gold/desktop/providers/icons/hot-games/pp3895.png]
[nx-cdn.trgwl.com/Images/nexus-beta/dark-gold/desktop/providers/icons/hot-games/trg3895.png]
[www-n2b.nexuswlb.com/desktop/casino/ion-casino.html]
[nx-cdn.trgwl.com/Images/nexus-beta/dark-gold/desktop/providers/icons/hot-games/pgs3895.png]
[nx-cdn.trgwl.com/Images/nexus-beta/dark-gold/desktop/providers/icons/hot-games/microgaming3895.png]
[nx-cdn.trgwl.com/Images/nexus-beta/dark-gold/desktop/providers/icons/hot-games/onepoker3895.png]
[nx-cdn.trgwl.com/Images/nexus-beta/dark-gold/desktop/providers/icons/hot-games/g8poker3895.png]
[www-n2b.nexuswlb.com/desktop/poker/9gaming.html]
[nx-cdn.trgwl.com/Images/nexus-beta/dark-gold/desktop/providers/icons/hot-games/slot883895.png]
[www-n2b.nexuswlb.com/desktop/poker/balak-play.html]
[nx-cdn.trgwl.com/Images/nexus-beta/dark-gold/desktop/providers/icons/hot-games/balak4d3895.png]
[www-n2b.nexuswlb.com/desktop/others/nex-4d.html]
[www-n2b.nexuswlb.com/desktop/hot-games.html]
[nx-cdn.trgwl.com/Images/nexus-beta/dark-gold/desktop/backgrounds/slots3895.jpg]
[nx-cdn.trgwl.com/Images/nexus-beta/dark-gold/desktop/providers/banners/slots/banner3895.png]
[nx-cdn.trgwl.com/Images/nexus-beta/dark-gold/desktop/decorations/coins/coin-43895.png]
[nx-cdn.trgwl.com/Images/nexus-beta/dark-gold/desktop/decorations/coins/coin-53895.png]
[nx-cdn.trgwl.com/Images/nexus-beta/dark-gold/desktop/decorations/coins/coin-63895.png]
[nx-cdn.trgwl.com/Images/nexus-beta/dark-gold/desktop/jackpot/background3895.png]
[nx-cdn.trgwl.com/Images/nexus-beta/dark-gold/desktop/providers/tabs/slots/PP3895.png]
[nx-cdn.trgwl.com/Images/nexus-beta/dark-gold/desktop/providers/tabs/slots/PP-active3895.png]
[nx-cdn.trgwl.com/Images/nexus-beta/dark-gold/desktop/providers/tabs/slots/MICROGAMING3895.png]
[nx-cdn.trgwl.com/Images/nexus-beta/dark-gold/desktop/providers/tabs/slots/MICROGAMING-active3895.png]
[nx-cdn.trgwl.com/Images/nexus-beta/dark-gold/desktop/providers/tabs/slots/LIVE223895.png]
[www-n2b.nexuswlb.com/desktop/slots/live22.html]
[nx-cdn.trgwl.com/Images/nexus-beta/dark-gold/desktop/providers/tabs/slots/LIVE22-active3895.png]
[nx-cdn.trgwl.com/Images/nexus-beta/dark-gold/desktop/providers/tabs/slots/SLOT883895.png]
[nx-cdn.trgwl.com/Images/nexus-beta/dark-gold/desktop/providers/tabs/slots/SLOT88-active3895.png]
[nx-cdn.trgwl.com/Images/nexus-beta/dark-gold/desktop/providers/tabs/slots/PGS3895.png]
[nx-cdn.trgwl.com/Images/nexus-beta/dark-gold/desktop/providers/tabs/slots/PGS-active3895.png]
[nx-cdn.trgwl.com/Images/nexus-beta/dark-gold/desktop/providers/tabs/slots/PGSOFT3895.png]
[nx-cdn.trgwl.com/Images/nexus-beta/dark-gold/desktop/providers/tabs/slots/PGSOFT-active3895.png]
[nx-cdn.trgwl.com/Images/nexus-beta/dark-gold/desktop/providers/tabs/slots/JOKER3895.png]
[nx-cdn.trgwl.com/Images/nexus-beta/dark-gold/desktop/providers/tabs/slots/JOKER-active3895.png]
[nx-cdn.trgwl.com/Images/nexus-beta/dark-gold/desktop/providers/tabs/slots/AMB3895.png]
[nx-cdn.trgwl.com/Images/nexus-beta/dark-gold/desktop/providers/tabs/slots/AMB-active3895.png]
[nx-cdn.trgwl.com/Images/nexus-beta/dark-gold/desktop/providers/tabs/slots/GAMATRON3895.png]
[nx-cdn.trgwl.com/Images/nexus-beta/dark-gold/desktop/providers/tabs/slots/GAMATRON-active3895.png]
[nx-cdn.trgwl.com/Images/nexus-beta/dark-gold/desktop/providers/tabs/slots/SPADEGAMING3895.png]
[nx-cdn.trgwl.com/Images/nexus-beta/dark-gold/desktop/providers/tabs/slots/SPADEGAMING-active3895.png]
[nx-cdn.trgwl.com/Images/nexus-beta/dark-gold/desktop/providers/tabs/slots/ADVANTPLAY3895.png]
[nx-cdn.trgwl.com/Images/nexus-beta/dark-gold/desktop/providers/tabs/slots/ADVANTPLAY-active3895.png]
[nx-cdn.trgwl.com/Images/nexus-beta/dark-gold/desktop/providers/tabs/slots/JDB3895.png]
[nx-cdn.trgwl.com/Images/nexus-beta/dark-gold/desktop/providers/tabs/slots/JDB-active3895.png]
[nx-cdn.trgwl.com/Images/nexus-beta/dark-gold/desktop/providers/tabs/slots/PLAYTECH3895.png]
[nx-cdn.trgwl.com/Images/nexus-beta/dark-gold/desktop/providers/tabs/slots/PLAYTECH-active3895.png]
[nx-cdn.trgwl.com/Images/nexus-beta/dark-gold/desktop/providers/tabs/slots/HABANERO3895.png]
[nx-cdn.trgwl.com/Images/nexus-beta/dark-gold/desktop/providers/tabs/slots/HABANERO-active3895.png]
[nx-cdn.trgwl.com/Images/nexus-beta/dark-gold/desktop/providers/tabs/slots/SBOCQ93895.png]
[nx-cdn.trgwl.com/Images/nexus-beta/dark-gold/desktop/providers/tabs/slots/SBOCQ9-active3895.png]
[nx-cdn.trgwl.com/Images/nexus-beta/dark-gold/desktop/providers/tabs/slots/YGGDRASIL3895.png]
[www-n2b.nexuswlb.com/desktop/slots/yggdrasil.html]
[nx-cdn.trgwl.com/Images/nexus-beta/dark-gold/desktop/providers/tabs/slots/YGGDRASIL-active3895.png]
[nx-cdn.trgwl.com/Images/nexus-beta/dark-gold/desktop/providers/tabs/slots/PLAYNGO3895.png]
[nx-cdn.trgwl.com/Images/nexus-beta/dark-gold/desktop/providers/tabs/slots/PLAYNGO-active3895.png]
[nx-cdn.trgwl.com/Images/nexus-beta/dark-gold/desktop/providers/tabs/slots/ONETOUCH3895.png]
[nx-cdn.trgwl.com/Images/nexus-beta/dark-gold/desktop/providers/tabs/slots/ONETOUCH-active3895.png]
[nx-cdn.trgwl.com/Images/nexus-beta/dark-gold/desktop/providers/tabs/slots/SBOREALTIMEGAMING3895.png]
[www-n2b.nexuswlb.com/desktop/slots/real-time-gaming.html]
[nx-cdn.trgwl.com/Images/nexus-beta/dark-gold/desktop/providers/tabs/slots/SBOREALTIMEGAMING-active3895.png]
[nx-cdn.trgwl.com/Images/nexus-beta/dark-gold/desktop/providers/tabs/slots/SBOFLOWGAMING3895.png]
[www-n2b.nexuswlb.com/desktop/slots/flow-gaming.html]
[nx-cdn.trgwl.com/Images/nexus-beta/dark-gold/desktop/providers/tabs/slots/SBOFLOWGAMING-active3895.png]
[nx-cdn.trgwl.com/Images/nexus-beta/dark-gold/desktop/providers/tabs/slots/ICONICGAMING3895.png]
[nx-cdn.trgwl.com/Images/nexus-beta/dark-gold/desktop/providers/tabs/slots/ICONICGAMING-active3895.png]
[www-n2b.nexuswlb.com/desktop/slots/pragmatic.html]
[www-n2b.nexuswlb.com/desktop/slots/ion-slot.html]
[www-n2b.nexuswlb.com/desktop/slots/microgaming.html]
[www-n2b.nexuswlb.com/desktop/slots/slot88.html]
[www-n2b.nexuswlb.com/desktop/slots.html]
[www-n2b.nexuswlb.com/desktop/slots/pgsoft.html]
[www-n2b.nexuswlb.com/desktop/slots/joker.html]
[www-n2b.nexuswlb.com/desktop/slots/amb-slot.html]
[www-n2b.nexuswlb.com/desktop/slots/gamatron.html]
[www-n2b.nexuswlb.com/desktop/slots/spade-gaming.html]
[www-n2b.nexuswlb.com/desktop/slots/advantplay.html]
[www-n2b.nexuswlb.com/desktop/slots/jdb.html]
[www-n2b.nexuswlb.com/desktop/slots/playtech.html]
[www-n2b.nexuswlb.com/desktop/slots/habanero.html]
[www-n2b.nexuswlb.com/desktop/slots/cq9.html]
[www-n2b.nexuswlb.com/desktop/slots/playngo.html]
[www-n2b.nexuswlb.com/desktop/slots/onetouch.html]
[www-n2b.nexuswlb.com/desktop/slots/iconic-gaming.html]
[api2-n1b.tr8ngames.com/images/id_cbd_5ff0c606-a54f-4f27-b052-dbb32aeb1bb6_1570174817017.png]
[api2-n1b.tr8ngames.com/images/id_cbd_c080d11f-ff91-467c-a73c-1c1105af1c41_1570174798410.png]
[api2-n1b.tr8ngames.com/images/id_cbd_375a9427-edf2-4ac2-8f7e-cb816014d42b_1601041295457.png]
[nx-cdn.trgwl.com/Images/nexus-beta/dark-gold/desktop/providers/icons/casino/trg3895.png]
[nx-cdn.trgwl.com/Images/nexus-beta/dark-gold/desktop/providers/icons/casino/evogaming3895.png]
[nx-cdn.trgwl.com/Images/nexus-beta/dark-gold/desktop/providers/icons/casino/prettygaming3895.png]
[nx-cdn.trgwl.com/Images/nexus-beta/dark-gold/desktop/providers/icons/casino/pplivecasino3895.png]
[www-n2b.nexuswlb.com/desktop/casino/pretty-gaming.html]
[nx-cdn.trgwl.com/Images/nexus-beta/dark-gold/desktop/providers/icons/casino/ag3895.png]
[www-n2b.nexuswlb.com/desktop/casino/pragmatic.html]
[www-n2b.nexuswlb.com/desktop/casino/asia-gaming.html]
[nx-cdn.trgwl.com/Images/nexus-beta/dark-gold/desktop/providers/icons/casino/sbocasino3895.png]
[nx-cdn.trgwl.com/Images/nexus-beta/dark-gold/desktop/providers/icons/casino/sbosexybaccarat3895.png]
[www-n2b.nexuswlb.com/desktop/casino/sbo-casino.html]
[nx-cdn.trgwl.com/Images/nexus-beta/dark-gold/desktop/providers/icons/casino/sv3883895.png]
[www-n2b.nexuswlb.com/desktop/casino/sexy-baccarat.html]
[www-n2b.nexuswlb.com/desktop/casino/sv388.html]
[nx-cdn.trgwl.com/Images/nexus-beta/dark-gold/desktop/providers/icons/casino/dreamgaming3895.png]
[nx-cdn.trgwl.com/Images/nexus-beta/dark-gold/desktop/providers/icons/casino/allbet3895.png]
[www-n2b.nexuswlb.com/desktop/casino/dream-gaming.html]
[www-n2b.nexuswlb.com/desktop/casino.html]
[www-n2b.nexuswlb.com/desktop/casino/allbet.html]
[nx-cdn.trgwl.com/Images/nexus-beta/dark-gold/desktop/providers/banners/casino/evo-gaming3895.png]
[www-n2b.nexuswlb.com/desktop/casino/evo-gaming.html]
[nx-cdn.trgwl.com/Images/nexus-beta/dark-gold/desktop/providers/banners/sports/banner3895.jpg]
[nx-cdn.trgwl.com/Images/nexus-beta/dark-gold/desktop/providers/icons/sports/sbo3895.png]
[www-n2b.nexuswlb.com/desktop/sport/sbo-sportsbook.html]
[nx-cdn.trgwl.com/Images/nexus-beta/dark-gold/desktop/providers/icons/sports/pinnacle3895.png]
[www-n2b.nexuswlb.com/desktop/sport/pinnacle.html]
[nx-cdn.trgwl.com/Images/nexus-beta/dark-gold/desktop/providers/icons/sports/ibcsports3895.png]
[www-n2b.nexuswlb.com/desktop/sport/saba-sportsbook.html]
[nx-cdn.trgwl.com/Images/nexus-beta/dark-gold/desktop/providers/icons/sports/ppvirtualgames3895.png]
[www-n2b.nexuswlb.com/desktop/sport/pragmatic-virtual-sports.html]
[nx-cdn.trgwl.com/Images/nexus-beta/dark-gold/desktop/providers/icons/sports/sbovirtualgames3895.png]
[www-n2b.nexuswlb.com/desktop/sport/sbo-virtual-sports.html]
[nx-cdn.trgwl.com/Images/nexus-beta/dark-gold/desktop/providers/icons/sports/tfgaming3895.png]
[www-n2b.nexuswlb.com/desktop/sport.html]
[nx-cdn.trgwl.com/Images/nexus-beta/dark-gold/desktop/backgrounds/arcade3895.jpg]
[www-n2b.nexuswlb.com/desktop/sport/tf-gaming.html]
[nx-cdn.trgwl.com/Images/nexus-beta/dark-gold/desktop/providers/banners/arcade/banner3895.png]
[nx-cdn.trgwl.com/Images/nexus-beta/dark-gold/desktop/decorations/coins/coin-13895.png]
[nx-cdn.trgwl.com/Images/nexus-beta/dark-gold/desktop/decorations/coins/coin-23895.png]
[nx-cdn.trgwl.com/Images/nexus-beta/dark-gold/desktop/decorations/coins/coin-33895.png]
[nx-cdn.trgwl.com/Images/nexus-beta/dark-gold/desktop/providers/tabs/arcade/PP3895.png]
[nx-cdn.trgwl.com/Images/nexus-beta/dark-gold/desktop/providers/tabs/arcade/PP-active3895.png]
[nx-cdn.trgwl.com/Images/nexus-beta/dark-gold/desktop/providers/tabs/arcade/GIOCOPLUS3895.png]
[nx-cdn.trgwl.com/Images/nexus-beta/dark-gold/desktop/providers/tabs/arcade/GIOCOPLUS-active3895.png]
[nx-cdn.trgwl.com/Images/nexus-beta/dark-gold/desktop/providers/tabs/arcade/IXTTANGKAS3895.png]
[www-n2b.nexuswlb.com/desktop/arcade/mm-tangkas.html]
[nx-cdn.trgwl.com/Images/nexus-beta/dark-gold/desktop/providers/tabs/arcade/IXTTANGKAS-active3895.png]
[nx-cdn.trgwl.com/Images/nexus-beta/dark-gold/desktop/providers/tabs/arcade/SBOFUNKYGAME3895.png]
[www-n2b.nexuswlb.com/desktop/arcade/funky-games.html]
[nx-cdn.trgwl.com/Images/nexus-beta/dark-gold/desktop/providers/tabs/arcade/SBOFUNKYGAME-active3895.png]
[nx-cdn.trgwl.com/Images/nexus-beta/dark-gold/desktop/providers/tabs/arcade/JOKER3895.png]
[nx-cdn.trgwl.com/Images/nexus-beta/dark-gold/desktop/providers/tabs/arcade/JOKER-active3895.png]
[nx-cdn.trgwl.com/Images/nexus-beta/dark-gold/desktop/providers/tabs/arcade/JDB3895.png]
[nx-cdn.trgwl.com/Images/nexus-beta/dark-gold/desktop/providers/tabs/arcade/JDB-active3895.png]
[nx-cdn.trgwl.com/Images/nexus-beta/dark-gold/desktop/providers/tabs/arcade/SPADEGAMING3895.png]
[nx-cdn.trgwl.com/Images/nexus-beta/dark-gold/desktop/providers/tabs/arcade/SPADEGAMING-active3895.png]
[nx-cdn.trgwl.com/Images/nexus-beta/dark-gold/desktop/providers/tabs/arcade/AMB3895.png]
[nx-cdn.trgwl.com/Images/nexus-beta/dark-gold/desktop/providers/tabs/arcade/AMB-active3895.png]
[nx-cdn.trgwl.com/Images/nexus-beta/dark-gold/desktop/providers/tabs/arcade/MICROGAMING3895.png]
[nx-cdn.trgwl.com/Images/nexus-beta/dark-gold/desktop/providers/tabs/arcade/MICROGAMING-active3895.png]
[nx-cdn.trgwl.com/Images/nexus-beta/dark-gold/desktop/providers/tabs/arcade/SBOCQ93895.png]
[nx-cdn.trgwl.com/Images/nexus-beta/dark-gold/desktop/providers/tabs/arcade/SBOCQ9-active3895.png]
[nx-cdn.trgwl.com/Images/nexus-beta/dark-gold/desktop/providers/tabs/arcade/ICONICGAMING3895.png]
[nx-cdn.trgwl.com/Images/nexus-beta/dark-gold/desktop/providers/tabs/arcade/ICONICGAMING-active3895.png]
[www-n2b.nexuswlb.com/desktop/arcade.html]
[www-n2b.nexuswlb.com/desktop/arcade/pragmatic.html]
[www-n2b.nexuswlb.com/desktop/arcade/giocoplus.html]
[www-n2b.nexuswlb.com/desktop/arcade/joker.html]
[www-n2b.nexuswlb.com/desktop/arcade/jdb.html]
[www-n2b.nexuswlb.com/desktop/arcade/spade-gaming.html]
[www-n2b.nexuswlb.com/desktop/arcade/amb-slot.html]
[www-n2b.nexuswlb.com/desktop/arcade/microgaming.html]
[www-n2b.nexuswlb.com/desktop/arcade/cq9.html]
[www-n2b.nexuswlb.com/desktop/arcade/iconic-gaming.html]
[api2-n1b.tr8ngames.com/images/id_cbd_e5a9cdfe-2310-473f-843f-78c3a257a447_1570174761267.png]
[nx-cdn.trgwl.com/Images/nexus-beta/dark-gold/desktop/providers/icons/poker/onepoker3895.png]
[nx-cdn.trgwl.com/Images/nexus-beta/dark-gold/desktop/providers/icons/poker/g8poker3895.png]
[nx-cdn.trgwl.com/Images/nexus-beta/dark-gold/desktop/providers/icons/poker/idn3895.png]
[www-n2b.nexuswlb.com/desktop/poker.html]
[nx-cdn.trgwl.com/Images/nexus-beta/dark-gold/desktop/providers/banners/others/banner3895.jpg]
[www-n2b.nexuswlb.com/desktop/poker/idnplay.html]
[nx-cdn.trgwl.com/Images/nexus-beta/dark-gold/desktop/providers/icons/others/balak4d3895.png]
[nx-cdn.trgwl.com/Images/nexus-beta/dark-gold/desktop/providers/icons/others/hkbtogel3895.png]
[www-n2b.nexuswlb.com/desktop/others/hkb-togel.html]
[nx-cdn.trgwl.com/Images/nexus-beta/dark-gold/desktop/providers/icons/others/hkbdingdong3895.png]
[www-n2b.nexuswlb.com/desktop/others.html]
[www-n2b.nexuswlb.com/desktop/others/hkb-dingdong.html]
[nx-cdn.trgwl.com/Images/nexus-beta/dark-gold/desktop/promotions/category-sprite3895.png]
[www-n2b.nexuswlb.com/desktop/promotion/new-member.html]
[www-n2b.nexuswlb.com/desktop/promotion/sports.html]
[www-n2b.nexuswlb.com/desktop/promotion/live-casino.html]
[www-n2b.nexuswlb.com/desktop/promotion/slots.html]
[api2-n1b.tr8ngames.com/images/id_promo_e3ae7be2-fb0a-4128-9370-9c0c7a5408cc_1638787020796.1cd.delayed]
[api2-n1b.tr8ngames.com/images/id_promo_2bb5fcec-cfad-48ff-944f-8484d1c139ff_1638787020842.png]
[api2-n1b.tr8ngames.com/images/id_promo_0940fbf8-63a5-4bbc-90b3-96ce2f91a0e8_1624476115810.png]
[api2-n1b.tr8ngames.com/images/id_promo_7f1e4c5c-23a8-4cac-91d8-9315bdb77b0a_1638787020889.1d0.delayed]
[www-n2b.nexuswlb.com/desktop/promotion.html]
[www-n2b.nexuswlb.com/mobile/register.html]
[www-n2b.nexuswlb.com/mobile/slots/pragmatic.html]
[www-n2b.nexuswlb.com/mobile/slots/playngo.html]
[www-n2b.nexuswlb.com/mobile/slots/microgaming.html]
[www-n2b.nexuswlb.com/mobile/slots/habanero.html]
[api2-n1b.tr8ngames.com/images/id_cbm_7014af5e-18ba-454c-8492-0650129ddd33_1636600140940.png]
[api2-n1b.tr8ngames.com/images/id_cbm_1cb99c4f-a2f4-47eb-84b6-aec18beca342_1638772877530.png]
[nx-cdn.trgwl.com/Images/nexus-beta/dark-gold/mobile/providers/shortcuts/pp3895.png]
[www-n2b.nexuswlb.com/mobile/casino/ion-casino.html]
[nx-cdn.trgwl.com/Images/nexus-beta/dark-gold/mobile/providers/shortcuts/trg3895.png]
[nx-cdn.trgwl.com/Images/nexus-beta/dark-gold/mobile/providers/shortcuts/pgs3895.png]
[nx-cdn.trgwl.com/Images/nexus-beta/dark-gold/mobile/providers/shortcuts/microgaming3895.png]
[nx-cdn.trgwl.com/Images/nexus-beta/dark-gold/mobile/providers/shortcuts/onepoker3895.png]
[www-n2b.nexuswlb.com/mobile/poker/9gaming.html]
[www-n2b.nexuswlb.com/mobile/poker/balak-play.html]
[nx-cdn.trgwl.com/Images/nexus-beta/dark-gold/mobile/providers/shortcuts/g8poker3895.png]
[nx-cdn.trgwl.com/Images/nexus-beta/dark-gold/mobile/providers/shortcuts/slot883895.png]
[www-n2b.nexuswlb.com/mobile/others/nex-4d.html]
[nx-cdn.trgwl.com/Images/nexus-beta/dark-gold/mobile/providers/shortcuts/balak4d3895.png]
[www-n2b.nexuswlb.com/mobile/hot-games.html]
[api2-n1b.tr8ngames.com/images/id_cbm_06b7035e-fad9-4434-8fd4-294bbfd3910d_1574409361200.jpg]
[api2-n1b.tr8ngames.com/images/id_cbm_60ec1d6d-679e-4d4d-8967-586fc0938410_1570174835953.jpg]
[api2-n1b.tr8ngames.com/images/id_cbm_7de627dd-f141-4c59-93d3-5b91cc5c6a92_1570174854283.jpg]
[api2-n1b.tr8ngames.com/images/id_cbm_445e556f-fd48-462c-bebf-f3b448c15753_1574409593460.jpg]
[api2-n1b.tr8ngames.com/images/id_cbm_95adddb6-6387-4604-8f3c-a6de190b8979_1574409723900.jpg]
[api2-n1b.tr8ngames.com/images/id_cbm_7b8d8979-653c-406c-ab5b-56185f9962b5_1574409768220.jpg]
[api2-n1b.tr8ngames.com/images/id_cbm_b7b99104-084e-4ab7-9d79-27994bcd3935_1574409803917.jpg]
[api2-n1b.tr8ngames.com/images/id_cbm_a59a5a74-cc1e-4fc9-afd6-10a81eec7fcc_1570174873143.jpg]
[www-n2b.nexuswlb.com/mobile/slots/live22.html]
[nx-cdn.trgwl.com/Images/nexus-beta/dark-gold/mobile/providers/shortcuts/live223895.png]
[nx-cdn.trgwl.com/Images/nexus-beta/dark-gold/mobile/providers/shortcuts/pgsoft3895.png]
[nx-cdn.trgwl.com/Images/nexus-beta/dark-gold/mobile/providers/shortcuts/joker3895.png]
[nx-cdn.trgwl.com/Images/nexus-beta/dark-gold/mobile/providers/shortcuts/amb3895.png]
[nx-cdn.trgwl.com/Images/nexus-beta/dark-gold/mobile/providers/shortcuts/gamatron3895.png]
[nx-cdn.trgwl.com/Images/nexus-beta/dark-gold/mobile/providers/shortcuts/spadegaming3895.png]
[nx-cdn.trgwl.com/Images/nexus-beta/dark-gold/mobile/providers/shortcuts/advantplay3895.png]
[nx-cdn.trgwl.com/Images/nexus-beta/dark-gold/mobile/providers/shortcuts/jdb3895.png]
[nx-cdn.trgwl.com/Images/nexus-beta/dark-gold/mobile/providers/shortcuts/playtech3895.png]
[nx-cdn.trgwl.com/Images/nexus-beta/dark-gold/mobile/providers/shortcuts/habanero3895.png]
[nx-cdn.trgwl.com/Images/nexus-beta/dark-gold/mobile/providers/shortcuts/sbocq93895.png]
[nx-cdn.trgwl.com/Images/nexus-beta/dark-gold/mobile/providers/shortcuts/yggdrasil3895.png]
[www-n2b.nexuswlb.com/mobile/slots/yggdrasil.html]
[nx-cdn.trgwl.com/Images/nexus-beta/dark-gold/mobile/providers/shortcuts/playngo3895.png]
[nx-cdn.trgwl.com/Images/nexus-beta/dark-gold/mobile/providers/shortcuts/onetouch3895.png]
[www-n2b.nexuswlb.com/mobile/slots/real-time-gaming.html]
[nx-cdn.trgwl.com/Images/nexus-beta/dark-gold/mobile/providers/shortcuts/sborealtimegaming3895.png]
[nx-cdn.trgwl.com/Images/nexus-beta/dark-gold/mobile/providers/shortcuts/sboflowgaming3895.png]
[www-n2b.nexuswlb.com/mobile/slots/flow-gaming.html]
[nx-cdn.trgwl.com/Images/nexus-beta/dark-gold/mobile/providers/shortcuts/iconicgaming3895.png]
[www-n2b.nexuswlb.com/mobile/slots.html]
[api2-n1b.tr8ngames.com/images/id_cbm_5ff0c606-a54f-4f27-b052-dbb32aeb1bb6_1570174817017.jpg]
[api2-n1b.tr8ngames.com/images/id_cbm_c080d11f-ff91-467c-a73c-1c1105af1c41_1570174798410.jpg]
[api2-n1b.tr8ngames.com/images/id_cbm_375a9427-edf2-4ac2-8f7e-cb816014d42b_1601041295457.jpg]
[nx-cdn.trgwl.com/Images/nexus-beta/dark-gold/mobile/providers/shortcuts/evogaming3895.png]
[www-n2b.nexuswlb.com/mobile/casino/pretty-gaming.html]
[nx-cdn.trgwl.com/Images/nexus-beta/dark-gold/mobile/providers/shortcuts/prettygaming3895.png]
[nx-cdn.trgwl.com/Images/nexus-beta/dark-gold/mobile/providers/shortcuts/pplivecasino3895.png]
[www-n2b.nexuswlb.com/mobile/casino/pragmatic.html]
[www-n2b.nexuswlb.com/mobile/casino/asia-gaming.html]
[nx-cdn.trgwl.com/Images/nexus-beta/dark-gold/mobile/providers/shortcuts/ag3895.png]
[nx-cdn.trgwl.com/Images/nexus-beta/dark-gold/mobile/providers/shortcuts/sbocasino3895.png]
[www-n2b.nexuswlb.com/mobile/casino/sbo-casino.html]
[nx-cdn.trgwl.com/Images/nexus-beta/dark-gold/mobile/providers/shortcuts/sbosexybaccarat3895.png]
[www-n2b.nexuswlb.com/mobile/casino/sexy-baccarat.html]
[www-n2b.nexuswlb.com/mobile/casino/sv388.html]
[nx-cdn.trgwl.com/Images/nexus-beta/dark-gold/mobile/providers/shortcuts/sv3883895.png]
[nx-cdn.trgwl.com/Images/nexus-beta/dark-gold/mobile/providers/shortcuts/dreamgaming3895.png]
[www-n2b.nexuswlb.com/mobile/casino/dream-gaming.html]
[nx-cdn.trgwl.com/Images/nexus-beta/dark-gold/mobile/providers/shortcuts/allbet3895.png]
[www-n2b.nexuswlb.com/mobile/casino.html]
[www-n2b.nexuswlb.com/mobile/casino/allbet.html]
[nx-cdn.trgwl.com/Images/nexus-beta/dark-gold/mobile/providers/banners/sports/banner3895.jpg]
[www-n2b.nexuswlb.com/mobile/sport/sbo-sportsbook.html]
[nx-cdn.trgwl.com/Images/nexus-beta/dark-gold/mobile/providers/shortcuts/sbo3895.png]
[www-n2b.nexuswlb.com/mobile/sport/pinnacle.html]
[nx-cdn.trgwl.com/Images/nexus-beta/dark-gold/mobile/providers/shortcuts/pinnacle3895.png]
[nx-cdn.trgwl.com/Images/nexus-beta/dark-gold/mobile/providers/shortcuts/ibcsports3895.png]
[www-n2b.nexuswlb.com/mobile/sport/saba-sportsbook.html]
[nx-cdn.trgwl.com/Images/nexus-beta/dark-gold/mobile/providers/shortcuts/ppvirtualgames3895.png]
[www-n2b.nexuswlb.com/mobile/sport/pragmatic-virtual-sports.html]
[www-n2b.nexuswlb.com/mobile/sport/sbo-virtual-sports.html]
[nx-cdn.trgwl.com/Images/nexus-beta/dark-gold/mobile/providers/shortcuts/sbovirtualgames3895.png]
[nx-cdn.trgwl.com/Images/nexus-beta/dark-gold/mobile/providers/shortcuts/tfgaming3895.png]
[www-n2b.nexuswlb.com/mobile/sport/tf-gaming.html]
[www-n2b.nexuswlb.com/mobile/sport.html]
[nx-cdn.trgwl.com/Images/nexus-beta/dark-gold/mobile/providers/banners/arcade/banner3895.jpg]
[nx-cdn.trgwl.com/Images/nexus-beta/dark-gold/mobile/providers/shortcuts/ppfishing3895.png]
[nx-cdn.trgwl.com/Images/nexus-beta/dark-gold/mobile/providers/shortcuts/giocoplus3895.png]
[www-n2b.nexuswlb.com/mobile/arcade/mm-tangkas.html]
[nx-cdn.trgwl.com/Images/nexus-beta/dark-gold/mobile/providers/shortcuts/ixttangkas3895.png]
[www-n2b.nexuswlb.com/mobile/arcade/funky-games.html]
[nx-cdn.trgwl.com/Images/nexus-beta/dark-gold/mobile/providers/shortcuts/sbofunkygame3895.png]
[nx-cdn.trgwl.com/Images/nexus-beta/dark-gold/mobile/providers/shortcuts/jokerfishing3895.png]
[nx-cdn.trgwl.com/Images/nexus-beta/dark-gold/mobile/providers/shortcuts/jdbfishing3895.png]
[nx-cdn.trgwl.com/Images/nexus-beta/dark-gold/mobile/providers/shortcuts/spadegamingfishing3895.png]
[nx-cdn.trgwl.com/Images/nexus-beta/dark-gold/mobile/providers/shortcuts/ambfishing3895.png]
[nx-cdn.trgwl.com/Images/nexus-beta/dark-gold/mobile/providers/shortcuts/microgamingfishing3895.png]
[nx-cdn.trgwl.com/Images/nexus-beta/dark-gold/mobile/providers/shortcuts/sbocq9fishing3895.png]
[nx-cdn.trgwl.com/Images/nexus-beta/dark-gold/mobile/providers/shortcuts/iconicgamingfishing3895.png]
[www-n2b.nexuswlb.com/mobile/arcade.html]
[api2-n1b.tr8ngames.com/images/id_cbm_e5a9cdfe-2310-473f-843f-78c3a257a447_1570174761267.jpg]
[www-n2b.nexuswlb.com/mobile/poker/idnplay.html]
[nx-cdn.trgwl.com/Images/nexus-beta/dark-gold/mobile/providers/shortcuts/idn3895.png]
[www-n2b.nexuswlb.com/mobile/poker.html]
[nx-cdn.trgwl.com/Images/nexus-beta/dark-gold/mobile/providers/banners/others/banner3895.jpg]
[www-n2b.nexuswlb.com/mobile/others/hkb-togel.html]
[nx-cdn.trgwl.com/Images/nexus-beta/dark-gold/mobile/providers/shortcuts/hkbtogel3895.png]
[nx-cdn.trgwl.com/Images/nexus-beta/dark-gold/mobile/providers/shortcuts/hkbdingdong3895.png]
[www-n2b.nexuswlb.com/mobile/others.html]
[www-n2b.nexuswlb.com/mobile/others/hkb-dingdong.html]
[www-n2b.nexuswlb.com/mobile/forgot-password.html]
[www-n2b.nexuswlb.com/mobile/url(/nx-cdn.trgwl.com/Images/nexus-beta/dark-gold/mobile/layout/login/background705f.jpg]
[www-n2b.nexuswlb.com/mobile/login.html]
[nx-cdn.trgwl.com/Images/nexus-beta/dark-gold/mobile/info-center/games/slots3895.png]
[nx-cdn.trgwl.com/Images/nexus-beta/dark-gold/mobile/info-center/games/live-casino3895.png]
[nx-cdn.trgwl.com/Images/nexus-beta/dark-gold/mobile/info-center/games/sports3895.png]
[nx-cdn.trgwl.com/Images/nexus-beta/dark-gold/mobile/info-center/games/arcade3895.png]
[nx-cdn.trgwl.com/Images/nexus-beta/dark-gold/mobile/info-center/games/poker3895.png]
[nx-cdn.trgwl.com/Images/nexus-beta/dark-gold/mobile/info-center/games/others3895.png]
[nx-cdn.trgwl.com/Images/nexus-beta/dark-gold/mobile/info-center/safe-and-secure-gaming-environment3895.png]
[nx-cdn.trgwl.com/Images/nexus-beta/dark-gold/mobile/info-center/customer-experience3895.png]
[nx-cdn.trgwl.com/Images/nexus-beta/dark-gold/mobile/info-center/fast-and-secure-payments3895.png]
[nx-cdn.trgwl.com/Images/nexus-beta/dark-gold/mobile/info-center/sky-is-not-the-limit3895.png]
[www-n2b.nexuswlb.com/mobile/about-us.html]
[www-n2b.nexuswlb.com/mobile/responsible-gaming.html]
[www-n2b.nexuswlb.com/mobile/faq.html]
[www-n2b.nexuswlb.com/mobile/terms-of-use.html]
[www-n2b.nexuswlb.com/mobile/promotion/new-member.html]
[www-n2b.nexuswlb.com/mobile/promotion/sports.html]
[www-n2b.nexuswlb.com/mobile/promotion/live-casino.html]
[www-n2b.nexuswlb.com/mobile/promotion/slots.html]
[www-n2b.nexuswlb.com/mobile/promotion/details/e3ae7be2-fb0a-4128-9370-9c0c7a5408cc.html]
[www-n2b.nexuswlb.com/mobile/promotion/details/2bb5fcec-cfad-48ff-944f-8484d1c139ff.html]
[www-n2b.nexuswlb.com/mobile/promotion/details/0940fbf8-63a5-4bbc-90b3-96ce2f91a0e8.html]
[www-n2b.nexuswlb.com/mobile/promotion.html]
[www-n2b.nexuswlb.com/mobile/contact-us.html]
[www-n2b.nexuswlb.com/mobile/slots/ion-slot.html]
[www-n2b.nexuswlb.com/mobile/slots/slot88.html]
[www-n2b.nexuswlb.com/mobile/slots/pgsoft.html]
[www-n2b.nexuswlb.com/mobile/slots/joker.html]
[www-n2b.nexuswlb.com/mobile/slots/amb-slot.html]
[www-n2b.nexuswlb.com/mobile/slots/gamatron.html]
[www-n2b.nexuswlb.com/mobile/slots/spade-gaming.html]
[www-n2b.nexuswlb.com/mobile/slots/advantplay.html]
[www-n2b.nexuswlb.com/mobile/slots/jdb.html]
[www-n2b.nexuswlb.com/mobile/slots/playtech.html]
[www-n2b.nexuswlb.com/mobile/slots/cq9.html]
[www-n2b.nexuswlb.com/mobile/slots/onetouch.html]
[www-n2b.nexuswlb.com/mobile/slots/iconic-gaming.html]
[www-n2b.nexuswlb.com/mobile/casino/evo-gaming.html]
[www-n2b.nexuswlb.com/mobile/arcade/pragmatic.html]
[www-n2b.nexuswlb.com/mobile/arcade/giocoplus.html]
[www-n2b.nexuswlb.com/mobile/arcade/joker.html]
[www-n2b.nexuswlb.com/mobile/arcade/jdb.html]
[www-n2b.nexuswlb.com/mobile/arcade/spade-gaming.html]
[www-n2b.nexuswlb.com/mobile/arcade/amb-slot.html]
[www-n2b.nexuswlb.com/mobile/arcade/microgaming.html]
[www-n2b.nexuswlb.com/mobile/arcade/cq9.html]
[www-n2b.nexuswlb.com/mobile/arcade/iconic-gaming.html]
[www-n2b.nexuswlb.com/mobile/promotion/details/7f1e4c5c-23a8-4cac-91d8-9315bdb77b0a.html]
[nx-cdn.trgwl.com/Images/nexus-beta/dark-gold/desktop/backgrounds/casino/trg3895.jpg]
[nx-cdn.trgwl.com/Images/nexus-beta/dark-gold/desktop/decorations/dices/dice-13895.png]
[nx-cdn.trgwl.com/Images/nexus-beta/dark-gold/desktop/decorations/chips/chip-43895.png]
[nx-cdn.trgwl.com/Images/nexus-beta/dark-gold/desktop/decorations/dices/dice-23895.png]
[www-n2b.nexuswlb.com/desktop/casino/ion-casino.html]
[nx-cdn.trgwl.com/Images/nexus-beta/dark-gold/desktop/backgrounds/poker3895.jpg]
[nx-cdn.trgwl.com/Images/nexus-beta/dark-gold/desktop/providers/banners/poker/1gaming3895.png]
[nx-cdn.trgwl.com/Images/nexus-beta/dark-gold/desktop/decorations/cards/card-53895.png]
[nx-cdn.trgwl.com/Images/nexus-beta/dark-gold/desktop/decorations/cards/card-63895.png]
[nx-cdn.trgwl.com/Images/nexus-beta/dark-gold/desktop/decorations/cards/card-73895.png]
[www-n2b.nexuswlb.com/desktop/poker/9gaming.html]
[nx-cdn.trgwl.com/Images/nexus-beta/dark-gold/desktop/providers/banners/poker/balak-play3895.png]
[nx-cdn.trgwl.com/Images/nexus-beta/dark-gold/desktop/decorations/chips/chip-13895.png]
[nx-cdn.trgwl.com/Images/nexus-beta/dark-gold/desktop/decorations/chips/chip-23895.png]
[nx-cdn.trgwl.com/Images/nexus-beta/dark-gold/desktop/decorations/chips/chip-33895.png]
[www-n2b.nexuswlb.com/desktop/poker/balak-play.html]
[nx-cdn.trgwl.com/Images/nexus-beta/dark-gold/desktop/backgrounds/others3895.jpg]
[nx-cdn.trgwl.com/Images/nexus-beta/dark-gold/desktop/providers/banners/others/balak4d3895.png]
[nx-cdn.trgwl.com/Images/nexus-beta/dark-gold/desktop/decorations/balls/ball-13895.png]
[nx-cdn.trgwl.com/Images/nexus-beta/dark-gold/desktop/decorations/balls/ball-23895.png]
[nx-cdn.trgwl.com/Images/nexus-beta/dark-gold/desktop/decorations/balls/ball-33895.png]
[nx-cdn.trgwl.com/Images/nexus-beta/dark-gold/desktop/decorations/balls/ball-43895.png]
[www-n2b.nexuswlb.com/desktop/others/nex-4d.html]
[nx-cdn.trgwl.com/Images/nexus-beta/dark-gold/desktop/providers/icons/slots/live223895.jpg]
[www-n2b.nexuswlb.com/desktop/slots/live22.html]
[nx-cdn.trgwl.com/Images/nexus-beta/dark-gold/desktop/providers/icons/slots/yggdrasil3895.jpg]
[www-n2b.nexuswlb.com/desktop/slots/yggdrasil.html]
[nx-cdn.trgwl.com/Images/nexus-beta/dark-gold/desktop/providers/icons/slots/sborealtimegaming3895.jpg]
[www-n2b.nexuswlb.com/desktop/slots/real-time-gaming.html]
[nx-cdn.trgwl.com/Images/nexus-beta/dark-gold/desktop/providers/icons/slots/sboflowgaming3895.jpg]
[www-n2b.nexuswlb.com/desktop/slots/flow-gaming.html]
[nx-cdn.trgwl.com/Images/nexus-beta/dark-gold/desktop/backgrounds/casino/pretty-gaming3895.jpg]
[nx-cdn.trgwl.com/Images/nexus-beta/dark-gold/desktop/decorations/cards/card-13895.png]
[nx-cdn.trgwl.com/Images/nexus-beta/dark-gold/desktop/decorations/cards/card-23895.png]
[www-n2b.nexuswlb.com/desktop/casino/pretty-gaming.html]
[nx-cdn.trgwl.com/Images/nexus-beta/dark-gold/desktop/backgrounds/casino/pplivecasino3895.jpg]
[api2-n1b.tr8ngames.com/images/Twitter_30956459-b1aa-4807-8e37-8810b6242de5_1638787920894.png]
[www-n2b.nexuswlb.com/desktop/casino/pragmatic.html]
[nx-cdn.trgwl.com/Images/nexus-beta/dark-gold/desktop/backgrounds/casino/ag3895.jpg]
[www-n2b.nexuswlb.com/desktop/casino/asia-gaming.html]
[nx-cdn.trgwl.com/Images/nexus-beta/dark-gold/desktop/backgrounds/casino/sbo3895.jpg]
[www-n2b.nexuswlb.com/desktop/casino/sbo-casino.html]
[nx-cdn.trgwl.com/Images/nexus-beta/dark-gold/desktop/backgrounds/casino/sexy-baccarat3895.jpg]
[nx-cdn.trgwl.com/Images/nexus-beta/dark-gold/desktop/decorations/cards/card-33895.png]
[nx-cdn.trgwl.com/Images/nexus-beta/dark-gold/desktop/decorations/cards/card-43895.png]
[www-n2b.nexuswlb.com/desktop/casino/sexy-baccarat.html]
[nx-cdn.trgwl.com/Images/nexus-beta/dark-gold/desktop/backgrounds/casino/sv3883895.jpg]
[www-n2b.nexuswlb.com/desktop/casino/sv388.html]
[nx-cdn.trgwl.com/Images/nexus-beta/dark-gold/desktop/backgrounds/casino/dreamgaming3895.jpg]
[www-n2b.nexuswlb.com/desktop/casino/dream-gaming.html]
[nx-cdn.trgwl.com/Images/nexus-beta/dark-gold/desktop/backgrounds/casino/allbet3895.jpg]
[www-n2b.nexuswlb.com/desktop/casino/allbet.html]
[nx-cdn.trgwl.com/Images/nexus-beta/dark-gold/desktop/backgrounds/sports3895.jpg]
[nx-cdn.trgwl.com/Images/nexus-beta/dark-gold/desktop/providers/banners/sports/sbo3895.png]
[www-n2b.nexuswlb.com/desktop/sport/sbo-sportsbook.html]
[nx-cdn.trgwl.com/Images/nexus-beta/dark-gold/desktop/providers/banners/sports/pinnacle3895.png]
[www-n2b.nexuswlb.com/desktop/sport/pinnacle.html]
[nx-cdn.trgwl.com/Images/nexus-beta/dark-gold/desktop/providers/banners/sports/ibcsports3895.png]
[www-n2b.nexuswlb.com/desktop/sport/saba-sportsbook.html]
[nx-cdn.trgwl.com/Images/nexus-beta/dark-gold/desktop/providers/banners/sports/ppvirtualgames3895.png]
[www-n2b.nexuswlb.com/desktop/sport/pragmatic-virtual-sports.html]
[nx-cdn.trgwl.com/Images/nexus-beta/dark-gold/desktop/providers/banners/sports/sbovirtualgames3895.png]
[www-n2b.nexuswlb.com/desktop/sport/sbo-virtual-sports.html]
[nx-cdn.trgwl.com/Images/nexus-beta/dark-gold/desktop/providers/banners/sports/tfgaming3895.png]
[www-n2b.nexuswlb.com/desktop/sport/tf-gaming.html]
[nx-cdn.trgwl.com/Images/nexus-beta/dark-gold/desktop/providers/icons/arcade/ixttangkas3895.jpg]
[www-n2b.nexuswlb.com/desktop/arcade/mm-tangkas.html]
[nx-cdn.trgwl.com/Images/nexus-beta/dark-gold/desktop/providers/icons/arcade/sbofunkygame3895.jpg]
[www-n2b.nexuswlb.com/desktop/arcade/funky-games.html]
[nx-cdn.trgwl.com/Images/nexus-beta/dark-gold/desktop/providers/banners/poker/idn3895.png]
[nx-cdn.trgwl.com/Images/nexus-beta/dark-gold/desktop/decorations/chips/chip-53895.png]
[nx-cdn.trgwl.com/Images/nexus-beta/dark-gold/desktop/decorations/chips/chip-63895.png]
[nx-cdn.trgwl.com/Images/nexus-beta/dark-gold/desktop/decorations/chips/chip-73895.png]
[www-n2b.nexuswlb.com/desktop/poker/idnplay.html]
[nx-cdn.trgwl.com/Images/nexus-beta/dark-gold/desktop/providers/banners/others/togel3895.png]
[www-n2b.nexuswlb.com/desktop/others/hkb-togel.html]
[nx-cdn.trgwl.com/Images/nexus-beta/dark-gold/desktop/providers/banners/others/dingdong3895.png]
[www-n2b.nexuswlb.com/desktop/others/hkb-dingdong.html]
[api2-n1b.tr8ngames.com/images/id_promo_7f1e4c5c-23a8-4cac-91d8-9315bdb77b0a_1638787921144.jpg]
[www-n2b.nexuswlb.com/desktop/promotion/new-member.html]
[api2-n1b.tr8ngames.com/images/id_promo_2bb5fcec-cfad-48ff-944f-8484d1c139ff_1638787921081.png]
[www-n2b.nexuswlb.com/desktop/promotion/sports.html]
[www-n2b.nexuswlb.com/desktop/promotion/live-casino.html]
[api2-n1b.tr8ngames.com/images/id_promo_e3ae7be2-fb0a-4128-9370-9c0c7a5408cc_1638787921050.png]
[www-n2b.nexuswlb.com/desktop/promotion/slots.html]
[api2-n1b.tr8ngames.com/images/id_promo_e3ae7be2-fb0a-4128-9370-9c0c7a5408cc_1638787020796.json]
[api2-n1b.tr8ngames.com/images/id_promo_2bb5fcec-cfad-48ff-944f-8484d1c139ff_1638787020842.json]
[api2-n1b.tr8ngames.com/images/id_promo_7f1e4c5c-23a8-4cac-91d8-9315bdb77b0a_1638787020889.json]
[nx-cdn.trgwl.com/Images/nexus-beta/dark-gold/mobile/providers/banners/casino/trg3895.jpg]
[www-n2b.nexuswlb.com/mobile/casino/ion-casino.html]
[nx-cdn.trgwl.com/Images/nexus-beta/dark-gold/mobile/providers/banners/poker/onepoker3895.jpg]
[www-n2b.nexuswlb.com/mobile/poker/9gaming.html]
[nx-cdn.trgwl.com/Images/nexus-beta/dark-gold/mobile/providers/banners/poker/g8poker3895.jpg]
[www-n2b.nexuswlb.com/mobile/poker/balak-play.html]
[nx-cdn.trgwl.com/Images/nexus-beta/dark-gold/mobile/providers/banners/others/balak4d3895.jpg]
[www-n2b.nexuswlb.com/mobile/others/nex-4d.html]
[nx-cdn.trgwl.com/Images/nexus-beta/dark-gold/mobile/providers/banners/slots/live223895.jpg]
[www-n2b.nexuswlb.com/mobile/slots/live22.html]
[nx-cdn.trgwl.com/Images/nexus-beta/dark-gold/mobile/providers/banners/slots/yggdrasil3895.jpg]
[www-n2b.nexuswlb.com/mobile/slots/yggdrasil.html]
[nx-cdn.trgwl.com/Images/nexus-beta/dark-gold/mobile/providers/banners/slots/sborealtimegaming3895.jpg]
[www-n2b.nexuswlb.com/mobile/slots/real-time-gaming.html]
[nx-cdn.trgwl.com/Images/nexus-beta/dark-gold/mobile/providers/banners/slots/sboflowgaming3895.jpg]
[www-n2b.nexuswlb.com/mobile/slots/flow-gaming.html]
[nx-cdn.trgwl.com/Images/nexus-beta/dark-gold/mobile/providers/banners/casino/prettygaming3895.jpg]
[www-n2b.nexuswlb.com/mobile/casino/pretty-gaming.html]
[nx-cdn.trgwl.com/Images/nexus-beta/dark-gold/mobile/providers/banners/casino/pplivecasino3895.jpg]
[www-n2b.nexuswlb.com/mobile/casino/pragmatic.html]
[nx-cdn.trgwl.com/Images/nexus-beta/dark-gold/mobile/providers/banners/casino/ag3895.jpg]
[www-n2b.nexuswlb.com/mobile/casino/asia-gaming.html]
[nx-cdn.trgwl.com/Images/nexus-beta/dark-gold/mobile/providers/banners/casino/sbocasino3895.jpg]
[www-n2b.nexuswlb.com/mobile/casino/sbo-casino.html]
[nx-cdn.trgwl.com/Images/nexus-beta/dark-gold/mobile/providers/banners/casino/sbosexybaccarat3895.jpg]
[www-n2b.nexuswlb.com/mobile/casino/sexy-baccarat.html]
[nx-cdn.trgwl.com/Images/nexus-beta/dark-gold/mobile/providers/banners/casino/sv3883895.jpg]
[www-n2b.nexuswlb.com/mobile/casino/sv388.html]
[nx-cdn.trgwl.com/Images/nexus-beta/dark-gold/mobile/providers/banners/casino/dreamgaming3895.jpg]
[www-n2b.nexuswlb.com/mobile/casino/dream-gaming.html]
[nx-cdn.trgwl.com/Images/nexus-beta/dark-gold/mobile/providers/banners/casino/allbet3895.jpg]
[www-n2b.nexuswlb.com/mobile/casino/allbet.html]
[nx-cdn.trgwl.com/Images/nexus-beta/dark-gold/mobile/providers/banners/sports/sbo3895.jpg]
[www-n2b.nexuswlb.com/mobile/sport/sbo-sportsbook.html]
[nx-cdn.trgwl.com/Images/nexus-beta/dark-gold/mobile/providers/banners/sports/pinnacle3895.jpg]
[www-n2b.nexuswlb.com/mobile/sport/pinnacle.html]
[nx-cdn.trgwl.com/Images/nexus-beta/dark-gold/mobile/providers/banners/sports/ibcsports3895.jpg]
[www-n2b.nexuswlb.com/mobile/sport/saba-sportsbook.html]
[nx-cdn.trgwl.com/Images/nexus-beta/dark-gold/mobile/providers/banners/sports/ppvirtualgames3895.jpg]
[www-n2b.nexuswlb.com/mobile/sport/pragmatic-virtual-sports.html]
[nx-cdn.trgwl.com/Images/nexus-beta/dark-gold/mobile/providers/banners/sports/sbovirtualgames3895.jpg]
[www-n2b.nexuswlb.com/mobile/sport/sbo-virtual-sports.html]
[nx-cdn.trgwl.com/Images/nexus-beta/dark-gold/mobile/providers/banners/sports/tfgaming3895.jpg]
[www-n2b.nexuswlb.com/mobile/sport/tf-gaming.html]
[nx-cdn.trgwl.com/Images/nexus-beta/dark-gold/mobile/providers/banners/arcade/ixttangkas3895.jpg]
[www-n2b.nexuswlb.com/mobile/arcade/mm-tangkas.html]
[nx-cdn.trgwl.com/Images/nexus-beta/dark-gold/mobile/providers/banners/arcade/sbofunkygame3895.jpg]
[www-n2b.nexuswlb.com/mobile/arcade/funky-games.html]
[nx-cdn.trgwl.com/Images/nexus-beta/dark-gold/mobile/providers/banners/poker/idn3895.jpg]
[www-n2b.nexuswlb.com/mobile/poker/idnplay.html]
[nx-cdn.trgwl.com/Images/nexus-beta/dark-gold/mobile/providers/banners/others/hkbtogel3895.jpg]
[www-n2b.nexuswlb.com/mobile/others/hkb-togel.html]
[nx-cdn.trgwl.com/Images/nexus-beta/dark-gold/mobile/providers/banners/others/hkbdingdong3895.jpg]
[www-n2b.nexuswlb.com/mobile/others/hkb-dingdong.html]
[www-n2b.nexuswlb.com/mobile/forgot-password.html]
[www-n2b.nexuswlb.com/mobile/url(/nx-cdn.trgwl.com/Images/nexus-beta/dark-gold/mobile/layout/login/background705f.html]
[www-n2b.nexuswlb.com/mobile/promotion/new-member.html]
[www-n2b.nexuswlb.com/mobile/promotion/sports.html]
[www-n2b.nexuswlb.com/mobile/promotion/live-casino.html]
[www-n2b.nexuswlb.com/mobile/promotion/slots.html]
[www-n2b.nexuswlb.com/mobile/promotion/details/e3ae7be2-fb0a-4128-9370-9c0c7a5408cc.html]
[www-n2b.nexuswlb.com/mobile/promotion/details/2bb5fcec-cfad-48ff-944f-8484d1c139ff.html]
[www-n2b.nexuswlb.com/mobile/promotion/details/0940fbf8-63a5-4bbc-90b3-96ce2f91a0e8.html]
[www-n2b.nexuswlb.com/mobile/promotion/details/7f1e4c5c-23a8-4cac-91d8-9315bdb77b0a.html]
